<?xml version="1.0" encoding="UTF-8"?>
<coverage generated="1530847398490" clover="3.2.0">
  <project timestamp="1530847398491" name="All files">
    <metrics statements="16" coveredstatements="7" conditionals="0" coveredconditionals="0" methods="10" coveredmethods="1" elements="26" coveredelements="8" complexity="0" loc="16" ncloc="16" packages="1" files="1" classes="1">
      <file name="index.js" path="/home/student/workspace/noob-stone-of-doom/client/actions/index.js">
        <metrics statements="16" coveredstatements="7" conditionals="0" coveredconditionals="0" methods="10" coveredmethods="1"/>
        <line num="3" count="1" type="stmt"/>
        <line num="4" count="1" type="stmt"/>
        <line num="6" count="1" type="stmt"/>
        <line num="7" count="0" type="stmt"/>
        <line num="8" count="0" type="stmt"/>
        <line num="11" count="0" type="stmt"/>
        <line num="14" count="0" type="stmt"/>
        <line num="19" count="1" type="stmt"/>
        <line num="20" count="1" type="stmt"/>
        <line num="26" count="1" type="stmt"/>
        <line num="27" count="0" type="stmt"/>
        <line num="33" count="1" type="stmt"/>
        <line num="34" count="0" type="stmt"/>
        <line num="35" count="0" type="stmt"/>
        <line num="38" count="0" type="stmt"/>
        <line num="41" count="0" type="stmt"/>
      </file>
    </metrics>
  </project>
</coverage>
