TN:
SF:/home/student/workspace/noob-stone-of-doom/client/actions/index.js
FN:6,(anonymous_0)
FN:7,(anonymous_1)
FN:10,(anonymous_2)
FN:13,(anonymous_3)
FN:19,(anonymous_4)
FN:26,(anonymous_5)
FN:33,(anonymous_6)
FN:34,(anonymous_7)
FN:37,(anonymous_8)
FN:40,(anonymous_9)
FNF:10
FNH:1
FNDA:0,(anonymous_0)
FNDA:0,(anonymous_1)
FNDA:0,(anonymous_2)
FNDA:0,(anonymous_3)
FNDA:1,(anonymous_4)
FNDA:0,(anonymous_5)
FNDA:0,(anonymous_6)
FNDA:0,(anonymous_7)
FNDA:0,(anonymous_8)
FNDA:0,(anonymous_9)
DA:3,1
DA:4,1
DA:6,1
DA:7,0
DA:8,0
DA:11,0
DA:14,0
DA:19,1
DA:20,1
DA:26,1
DA:27,0
DA:33,1
DA:34,0
DA:35,0
DA:38,0
DA:41,0
LF:16
LH:7
BRF:0
BRH:0
end_of_record
