TN:
SF:/home/student/workspace/noob-stone-of-doom/knexfile.js
FNF:0
FNH:0
DA:3,1
LF:1
LH:1
BRF:0
BRH:0
end_of_record
TN:
SF:/home/student/workspace/noob-stone-of-doom/migrations/20180706102622_users.js
FN:2,(anonymous_0)
FN:3,(anonymous_1)
FN:10,(anonymous_2)
FNF:3
FNH:2
FNDA:4,(anonymous_0)
FNDA:4,(anonymous_1)
FNDA:0,(anonymous_2)
DA:2,1
DA:3,4
DA:4,4
DA:5,4
DA:6,4
DA:10,1
DA:11,0
LF:7
LH:6
BRF:0
BRH:0
end_of_record
TN:
SF:/home/student/workspace/noob-stone-of-doom/migrations/20180706102630_bubbles.js
FN:2,(anonymous_0)
FN:3,(anonymous_1)
FN:14,(anonymous_2)
FNF:3
FNH:2
FNDA:4,(anonymous_0)
FNDA:4,(anonymous_1)
FNDA:0,(anonymous_2)
DA:2,1
DA:3,4
DA:4,4
DA:5,4
DA:6,4
DA:7,4
DA:8,4
DA:9,4
DA:10,4
DA:14,1
DA:15,0
LF:11
LH:10
BRF:0
BRH:0
end_of_record
TN:
SF:/home/student/workspace/noob-stone-of-doom/migrations/20180706103327_levels.js
FN:2,(anonymous_0)
FN:3,(anonymous_1)
FN:10,(anonymous_2)
FNF:3
FNH:2
FNDA:4,(anonymous_0)
FNDA:4,(anonymous_1)
FNDA:0,(anonymous_2)
DA:2,1
DA:3,4
DA:4,4
DA:5,4
DA:6,4
DA:10,1
DA:11,0
LF:7
LH:6
BRF:0
BRH:0
end_of_record
TN:
SF:/home/student/workspace/noob-stone-of-doom/seeds/bubbles.js
FN:2,(anonymous_0)
FN:5,(anonymous_1)
FNF:2
FNH:2
FNDA:4,(anonymous_0)
FNDA:4,(anonymous_1)
DA:2,1
DA:4,4
DA:7,4
LF:3
LH:3
BRF:0
BRH:0
end_of_record
TN:
SF:/home/student/workspace/noob-stone-of-doom/seeds/levels.js
FN:2,(anonymous_0)
FN:5,(anonymous_1)
FNF:2
FNH:2
FNDA:4,(anonymous_0)
FNDA:4,(anonymous_1)
DA:2,1
DA:4,4
DA:7,4
LF:3
LH:3
BRF:0
BRH:0
end_of_record
TN:
SF:/home/student/workspace/noob-stone-of-doom/seeds/users.js
FN:2,(anonymous_0)
FN:5,(anonymous_1)
FNF:2
FNH:2
FNDA:4,(anonymous_0)
FNDA:4,(anonymous_1)
DA:2,1
DA:4,4
DA:7,4
LF:3
LH:3
BRF:0
BRH:0
end_of_record
TN:
SF:/home/student/workspace/noob-stone-of-doom/server/db/connection.js
FNF:0
FNH:0
DA:1,1
DA:2,1
DA:3,1
DA:9,1
LF:4
LH:4
BRDA:1,0,0,1
BRDA:1,0,1,0
BRF:2
BRH:1
end_of_record
TN:
SF:/home/student/workspace/noob-stone-of-doom/server/db/db.js
FN:3,getUsers
FN:8,getBubbles
FN:13,getLevels
FN:18,getLevel
FNF:4
FNH:4
FNDA:1,getUsers
FNDA:1,getBubbles
FNDA:1,getLevels
FNDA:1,getLevel
DA:1,1
DA:4,1
DA:5,1
DA:9,1
DA:10,1
DA:14,1
DA:15,1
DA:19,1
DA:20,1
DA:23,1
LF:10
LH:10
BRDA:4,0,0,1
BRDA:4,0,1,0
BRDA:9,1,0,1
BRDA:9,1,1,0
BRDA:14,2,0,1
BRDA:14,2,1,0
BRDA:19,3,0,1
BRDA:19,3,1,0
BRF:8
BRH:4
end_of_record
TN:
SF:/home/student/workspace/noob-stone-of-doom/test/server/test-environment.js
FN:7,(anonymous_0)
FN:11,(anonymous_1)
FN:13,(anonymous_2)
FN:19,(anonymous_3)
FNF:4
FNH:4
FNDA:4,(anonymous_0)
FNDA:4,(anonymous_1)
FNDA:4,(anonymous_2)
FNDA:4,(anonymous_3)
DA:1,1
DA:3,1
DA:5,1
DA:7,4
DA:12,4
DA:14,4
DA:20,4
LF:7
LH:7
BRF:0
BRH:0
end_of_record
